<?xml version="1.0" encoding="UTF-8"?>
<!-- Generated by org.testng.reporters.JUnitXMLReporter -->
<testsuite hostname="DESKTOP-AAFC7NS" ignored="0" name="Test" tests="10" failures="0" timestamp="30 Jun 2021 11:42:52 GMT" time="288.805" errors="0">
  <testcase name="loginTest" time="0.539" classname="com.flipkart.qa.testcases.LoginPageTest"/>
  <testcase name="verifyPageTitleTest" time="5.16" classname="com.flipkart.qa.testcases.HomePageTest"/>
  <testcase name="veifyUserNameTest" time="5.077" classname="com.flipkart.qa.testcases.ProductPageTest"/>
  <testcase name="verifyPageIconTest" time="5.139" classname="com.flipkart.qa.testcases.PaymentPageTest"/>
  <testcase name="veifyUserNameTest" time="3.12" classname="com.flipkart.qa.testcases.HomePageTest"/>
  <testcase name="verifyProductNameTest" time="5.294" classname="com.flipkart.qa.testcases.ProductPageTest"/>
  <testcase name="payment" time="11.34" classname="com.flipkart.qa.testcases.PaymentPageTest"/>
  <testcase name="searchProductStep" time="13.88" classname="com.flipkart.qa.testcases.HomePageTest"/>
  <testcase name="verifyProductPrice" time="5.092" classname="com.flipkart.qa.testcases.ProductPageTest"/>
  <testcase name="productBuyNow" time="10.191" classname="com.flipkart.qa.testcases.ProductPageTest"/>
</testsuite> <!-- Test -->
