<?xml version="1.0" encoding="UTF-8"?>
<!-- Generated by org.testng.reporters.JUnitXMLReporter -->
<testsuite hostname="DESKTOP-AAFC7NS" ignored="0" name="Test" tests="10" failures="0" timestamp="30 Jun 2021 14:58:25 GMT" time="247.25" errors="0">
  <testcase name="loginTest" time="0.629" classname="com.flipkart.qa.testcases.LoginPageTest"/>
  <testcase name="verifyPageTitleTest" time="5.127" classname="com.flipkart.qa.testcases.HomePageTest"/>
  <testcase name="veifyUserNameTest" time="5.093" classname="com.flipkart.qa.testcases.ProductPageTest"/>
  <testcase name="verifyPageIconTest" time="5.113" classname="com.flipkart.qa.testcases.PaymentPageTest"/>
  <testcase name="veifyUserNameTest" time="2.375" classname="com.flipkart.qa.testcases.HomePageTest"/>
  <testcase name="verifyProductNameTest" time="5.13" classname="com.flipkart.qa.testcases.ProductPageTest"/>
  <testcase name="payment" time="11.148" classname="com.flipkart.qa.testcases.PaymentPageTest"/>
  <testcase name="searchProductStep" time="10.77" classname="com.flipkart.qa.testcases.HomePageTest"/>
  <testcase name="verifyProductPrice" time="5.064" classname="com.flipkart.qa.testcases.ProductPageTest"/>
  <testcase name="productBuyNow" time="10.224" classname="com.flipkart.qa.testcases.ProductPageTest"/>
</testsuite> <!-- Test -->
