<?xml version="1.0" encoding="UTF-8"?>
<!-- Generated by org.testng.reporters.JUnitXMLReporter -->
<testsuite hostname="DESKTOP-AAFC7NS" ignored="0" name="Command line test" tests="10" failures="0" timestamp="30 Jun 2021 14:51:24 GMT" time="758.821" errors="0">
  <testcase name="@BeforeMethod setUp" time="14.287" classname="com.flipkart.qa.testcases.PaymentPageTest">
    <failure type="org.openqa.selenium.ElementClickInterceptedException" message="element click intercepted: Element &amp;lt;input type=&amp;quot;text&amp;quot; value=&amp;quot;&amp;quot; class=&amp;quot;_3704LK&amp;quot; title=&amp;quot;Search for products, brands and more&amp;quot; name=&amp;quot;q&amp;quot; autocomplete=&amp;quot;off&amp;quot; placeholder=&amp;quot;Search for products, brands and more&amp;quot;&amp;gt; is not clickable at point (404, 28). Other element would receive the click: &amp;lt;div class=&amp;quot;_2hriZF _2rbIyg&amp;quot; tabindex=&amp;quot;-1&amp;quot;&amp;gt;...&amp;lt;/div&amp;gt;
  (Session info: chrome=91.0.4472.124)
Build info: version: &amp;apos;3.141.59&amp;apos;, revision: &amp;apos;e82be7d358&amp;apos;, time: &amp;apos;2018-11-14T08:17:03&amp;apos;
System info: host: &amp;apos;DESKTOP-AAFC7NS&amp;apos;, ip: &amp;apos;192.168.1.15&amp;apos;, os.name: &amp;apos;Windows 10&amp;apos;, os.arch: &amp;apos;amd64&amp;apos;, os.version: &amp;apos;10.0&amp;apos;, java.version: &amp;apos;1.8.0_291&amp;apos;
Driver info: org.openqa.selenium.chrome.ChromeDriver
Capabilities {acceptInsecureCerts: false, browserName: chrome, browserVersion: 91.0.4472.124, chrome: {chromedriverVersion: 91.0.4472.19 (1bf021f248676..., userDataDir: C:\WINDOWS\TEMP\scoped_dir3...}, goog:chromeOptions: {debuggerAddress: localhost:65422}, javascriptEnabled: true, networkConnectionEnabled: false, pageLoadStrategy: normal, platform: WINDOWS, platformName: WINDOWS, proxy: Proxy(), setWindowRect: true, strictFileInteractability: false, timeouts: {implicit: 0, pageLoad: 300000, script: 30000}, unhandledPromptBehavior: dismiss and notify, webauthn:extension:largeBlob: true, webauthn:virtualAuthenticators: true}
Session ID: 692d950fe42c647bb594f47534cbb7fb">
      <![CDATA[org.openqa.selenium.ElementClickInterceptedException: element click intercepted: Element <input type="text" value="" class="_3704LK" title="Search for products, brands and more" name="q" autocomplete="off" placeholder="Search for products, brands and more"> is not clickable at point (404, 28). Other element would receive the click: <div class="_2hriZF _2rbIyg" tabindex="-1">...</div>
  (Session info: chrome=91.0.4472.124)
Build info: version: '3.141.59', revision: 'e82be7d358', time: '2018-11-14T08:17:03'
System info: host: 'DESKTOP-AAFC7NS', ip: '192.168.1.15', os.name: 'Windows 10', os.arch: 'amd64', os.version: '10.0', java.version: '1.8.0_291'
Driver info: org.openqa.selenium.chrome.ChromeDriver
Capabilities {acceptInsecureCerts: false, browserName: chrome, browserVersion: 91.0.4472.124, chrome: {chromedriverVersion: 91.0.4472.19 (1bf021f248676..., userDataDir: C:\WINDOWS\TEMP\scoped_dir3...}, goog:chromeOptions: {debuggerAddress: localhost:65422}, javascriptEnabled: true, networkConnectionEnabled: false, pageLoadStrategy: normal, platform: WINDOWS, platformName: WINDOWS, proxy: Proxy(), setWindowRect: true, strictFileInteractability: false, timeouts: {implicit: 0, pageLoad: 300000, script: 30000}, unhandledPromptBehavior: dismiss and notify, webauthn:extension:largeBlob: true, webauthn:virtualAuthenticators: true}
Session ID: 692d950fe42c647bb594f47534cbb7fb
	at org.openqa.selenium.remote.http.W3CHttpResponseCodec.createException(W3CHttpResponseCodec.java:187)
	at org.openqa.selenium.remote.http.W3CHttpResponseCodec.decode(W3CHttpResponseCodec.java:122)
	at org.openqa.selenium.remote.http.W3CHttpResponseCodec.decode(W3CHttpResponseCodec.java:49)
	at org.openqa.selenium.remote.HttpCommandExecutor.execute(HttpCommandExecutor.java:158)
	at org.openqa.selenium.remote.service.DriverCommandExecutor.execute(DriverCommandExecutor.java:83)
	at org.openqa.selenium.remote.RemoteWebDriver.execute(RemoteWebDriver.java:552)
	at org.openqa.selenium.remote.RemoteWebElement.execute(RemoteWebElement.java:285)
	at org.openqa.selenium.remote.RemoteWebElement.click(RemoteWebElement.java:84)
	at org.openqa.selenium.support.pagefactory.internal.LocatingElementHandler.invoke(LocatingElementHandler.java:51)
	at com.sun.proxy.$Proxy7.click(Unknown Source)
	at com.flipkart.qa.pages.HomePage.searchProduct(HomePage.java:45)
	at com.flipkart.qa.testcases.PaymentPageTest.setUp(PaymentPageTest.java:41)
... Removed 45 stack frames]]>
    </failure>
  </testcase> <!-- @BeforeMethod setUp -->
  <testcase name="@BeforeMethod setUp" time="605.327" classname="com.flipkart.qa.testcases.ProductPageTest">
    <failure type="org.openqa.selenium.SessionNotCreatedException" message="session not created
from timeout: Timed out receiving message from renderer: 600.000
  (Session info: chrome=91.0.4472.124)
Build info: version: &amp;apos;3.141.59&amp;apos;, revision: &amp;apos;e82be7d358&amp;apos;, time: &amp;apos;2018-11-14T08:17:03&amp;apos;
System info: host: &amp;apos;DESKTOP-AAFC7NS&amp;apos;, ip: &amp;apos;192.168.1.15&amp;apos;, os.name: &amp;apos;Windows 10&amp;apos;, os.arch: &amp;apos;amd64&amp;apos;, os.version: &amp;apos;10.0&amp;apos;, java.version: &amp;apos;1.8.0_291&amp;apos;
Driver info: driver.version: ChromeDriver
remote stacktrace: Backtrace:
	Ordinal0 [0x007D2DB3+2502067]
	Ordinal0 [0x0076C5B1+2082225]
	Ordinal0 [0x00672498+1057944]
	Ordinal0 [0x00664D2F+1002799]
	Ordinal0 [0x00663D69+998761]
	Ordinal0 [0x00664026+999462]
	Ordinal0 [0x00663915+997653]
	Ordinal0 [0x0066A54D+1025357]
	Ordinal0 [0x006638D1+997585]
	Ordinal0 [0x006647F6+1001462]
	Ordinal0 [0x00663D69+998761]
	Ordinal0 [0x00664026+999462]
	Ordinal0 [0x00663915+997653]
	Ordinal0 [0x0066977C+1021820]
	Ordinal0 [0x006638D1+997585]
	Ordinal0 [0x006647F6+1001462]
	Ordinal0 [0x00663D69+998761]
	Ordinal0 [0x00664026+999462]
	Ordinal0 [0x00663915+997653]
	Ordinal0 [0x0065F42D+980013]
	Ordinal0 [0x006638D1+997585]
	Ordinal0 [0x00663670+996976]
	Ordinal0 [0x00663409+996361]
	Ordinal0 [0x006736A0+1062560]
	Ordinal0 [0x006BAA59+1354329]
	Ordinal0 [0x006B967A+1349242]
	Ordinal0 [0x006B5BEB+1334251]
	Ordinal0 [0x00692174+1188212]
	Ordinal0 [0x00693009+1191945]
	GetHandleVerifier [0x0094EC5C+1511084]
	GetHandleVerifier [0x009F8522+2205554]
	GetHandleVerifier [0x00853393+480739]
	GetHandleVerifier [0x00852579+477129]
	Ordinal0 [0x00771E5D+2104925]
	Ordinal0 [0x007763F8+2122744]
	Ordinal0 [0x00776537+2123063]
	Ordinal0 [0x0077EE53+2158163]
	BaseThreadInitThunk [0x76DFFA29+25]
	RtlGetAppContainerNamedObjectPath [0x77907A9E+286]
	RtlGetAppContainerNamedObjectPath [0x77907A6E+238]
">
      <![CDATA[org.openqa.selenium.SessionNotCreatedException: session not created
from timeout: Timed out receiving message from renderer: 600.000
  (Session info: chrome=91.0.4472.124)
Build info: version: '3.141.59', revision: 'e82be7d358', time: '2018-11-14T08:17:03'
System info: host: 'DESKTOP-AAFC7NS', ip: '192.168.1.15', os.name: 'Windows 10', os.arch: 'amd64', os.version: '10.0', java.version: '1.8.0_291'
Driver info: driver.version: ChromeDriver
remote stacktrace: Backtrace:
	Ordinal0 [0x007D2DB3+2502067]
	Ordinal0 [0x0076C5B1+2082225]
	Ordinal0 [0x00672498+1057944]
	Ordinal0 [0x00664D2F+1002799]
	Ordinal0 [0x00663D69+998761]
	Ordinal0 [0x00664026+999462]
	Ordinal0 [0x00663915+997653]
	Ordinal0 [0x0066A54D+1025357]
	Ordinal0 [0x006638D1+997585]
	Ordinal0 [0x006647F6+1001462]
	Ordinal0 [0x00663D69+998761]
	Ordinal0 [0x00664026+999462]
	Ordinal0 [0x00663915+997653]
	Ordinal0 [0x0066977C+1021820]
	Ordinal0 [0x006638D1+997585]
	Ordinal0 [0x006647F6+1001462]
	Ordinal0 [0x00663D69+998761]
	Ordinal0 [0x00664026+999462]
	Ordinal0 [0x00663915+997653]
	Ordinal0 [0x0065F42D+980013]
	Ordinal0 [0x006638D1+997585]
	Ordinal0 [0x00663670+996976]
	Ordinal0 [0x00663409+996361]
	Ordinal0 [0x006736A0+1062560]
	Ordinal0 [0x006BAA59+1354329]
	Ordinal0 [0x006B967A+1349242]
	Ordinal0 [0x006B5BEB+1334251]
	Ordinal0 [0x00692174+1188212]
	Ordinal0 [0x00693009+1191945]
	GetHandleVerifier [0x0094EC5C+1511084]
	GetHandleVerifier [0x009F8522+2205554]
	GetHandleVerifier [0x00853393+480739]
	GetHandleVerifier [0x00852579+477129]
	Ordinal0 [0x00771E5D+2104925]
	Ordinal0 [0x007763F8+2122744]
	Ordinal0 [0x00776537+2123063]
	Ordinal0 [0x0077EE53+2158163]
	BaseThreadInitThunk [0x76DFFA29+25]
	RtlGetAppContainerNamedObjectPath [0x77907A9E+286]
	RtlGetAppContainerNamedObjectPath [0x77907A6E+238]

	at org.openqa.selenium.remote.W3CHandshakeResponse.lambda$errorHandler$0(W3CHandshakeResponse.java:62)
	at org.openqa.selenium.remote.HandshakeResponse.lambda$getResponseFunction$0(HandshakeResponse.java:30)
	at org.openqa.selenium.remote.ProtocolHandshake.lambda$createSession$0(ProtocolHandshake.java:126)
	at java.util.stream.ReferencePipeline$3$1.accept(ReferencePipeline.java:193)
	at java.util.Spliterators$ArraySpliterator.tryAdvance(Spliterators.java:958)
	at java.util.stream.ReferencePipeline.forEachWithCancel(ReferencePipeline.java:126)
	at java.util.stream.AbstractPipeline.copyIntoWithCancel(AbstractPipeline.java:499)
	at java.util.stream.AbstractPipeline.copyInto(AbstractPipeline.java:486)
	at java.util.stream.AbstractPipeline.wrapAndCopyInto(AbstractPipeline.java:472)
	at java.util.stream.FindOps$FindOp.evaluateSequential(FindOps.java:152)
	at java.util.stream.AbstractPipeline.evaluate(AbstractPipeline.java:234)
	at java.util.stream.ReferencePipeline.findFirst(ReferencePipeline.java:464)
	at org.openqa.selenium.remote.ProtocolHandshake.createSession(ProtocolHandshake.java:128)
	at org.openqa.selenium.remote.ProtocolHandshake.createSession(ProtocolHandshake.java:74)
	at org.openqa.selenium.remote.HttpCommandExecutor.execute(HttpCommandExecutor.java:136)
	at org.openqa.selenium.remote.service.DriverCommandExecutor.execute(DriverCommandExecutor.java:83)
	at org.openqa.selenium.remote.RemoteWebDriver.execute(RemoteWebDriver.java:552)
	at org.openqa.selenium.remote.RemoteWebDriver.startSession(RemoteWebDriver.java:213)
	at org.openqa.selenium.remote.RemoteWebDriver.<init>(RemoteWebDriver.java:131)
	at org.openqa.selenium.chrome.ChromeDriver.<init>(ChromeDriver.java:181)
	at org.openqa.selenium.chrome.ChromeDriver.<init>(ChromeDriver.java:168)
	at org.openqa.selenium.chrome.ChromeDriver.<init>(ChromeDriver.java:123)
	at com.flipkart.qa.base.TestBase.initialization(TestBase.java:39)
	at com.flipkart.qa.testcases.ProductPageTest.setUp(ProductPageTest.java:35)
... Removed 41 stack frames]]>
    </failure>
  </testcase> <!-- @BeforeMethod setUp -->
  <testcase name="@BeforeMethod setUp" time="0.0" classname="com.flipkart.qa.testcases.ProductPageTest">
    <skipped/>
  </testcase> <!-- @BeforeMethod setUp -->
  <testcase name="loginTest" time="0.507" classname="com.flipkart.qa.testcases.LoginPageTest"/>
  <testcase name="verifyPageTitleTest" time="5.091" classname="com.flipkart.qa.testcases.HomePageTest"/>
  <testcase name="verifyPageIconTest" time="5.079" classname="com.flipkart.qa.testcases.PaymentPageTest"/>
  <testcase name="veifyUserNameTest" time="5.07" classname="com.flipkart.qa.testcases.ProductPageTest"/>
  <testcase name="veifyUserNameTest" time="1.944" classname="com.flipkart.qa.testcases.HomePageTest"/>
  <testcase name="payment" time="0.001" classname="com.flipkart.qa.testcases.PaymentPageTest">
    <skipped/>
  </testcase> <!-- payment -->
  <testcase name="verifyProductNameTest" time="5.066" classname="com.flipkart.qa.testcases.ProductPageTest"/>
  <testcase name="searchProductStep" time="10.59" classname="com.flipkart.qa.testcases.HomePageTest"/>
  <testcase name="verifyProductPrice" time="0.0" classname="com.flipkart.qa.testcases.ProductPageTest">
    <skipped/>
  </testcase> <!-- verifyProductPrice -->
  <testcase name="productBuyNow" time="0.0" classname="com.flipkart.qa.testcases.ProductPageTest">
    <skipped/>
  </testcase> <!-- productBuyNow -->
</testsuite> <!-- Command line test -->
