<?xml version="1.0" encoding="UTF-8" ?>
<testsuite tests="13" failures="1" name="TestSuite" time="171.734" errors="0" skipped="7">
  <properties>
[...]
</properties>
  <testcase classname="com.flipkart.qa.testcases.LoginPageTest" name="loginTest" time="0.459"/>
  <testcase classname="com.flipkart.qa.testcases.HomePageTest" name="verifyPageTitleTest" time="8.266"/>
  <testcase classname="com.flipkart.qa.testcases.PaymentPageTest" name="payment" time="11.983"/>
  <testcase classname="com.flipkart.qa.testcases.ProductPageTest" name="setUp" time="44.116">
    <failure message="no such element: Unable to locate element: {&quot;method&quot;:&quot;xpath&quot;,&quot;selector&quot;:&quot;//*[contains(text(), &apos;SAMSUNG 198 L Direct Cool Single Door 5 Star Refrigerator with Base Drawer&apos;)]&quot;}
  (Session info: chrome=91.0.4472.124)
For documentation on this error, please visit: https://www.seleniumhq.org/exceptions/no_such_element.html
Build info: version: &apos;3.141.59&apos;, revision: &apos;e82be7d358&apos;, time: &apos;2018-11-14T08:17:03&apos;
System info: host: &apos;DESKTOP-AAFC7NS&apos;, ip: &apos;192.168.1.15&apos;, os.name: &apos;Windows 10&apos;, os.arch: &apos;amd64&apos;, os.version: &apos;10.0&apos;, java.version: &apos;1.8.0_291&apos;
Driver info: org.openqa.selenium.chrome.ChromeDriver
Capabilities {acceptInsecureCerts: false, browserName: chrome, browserVersion: 91.0.4472.124, chrome: {chromedriverVersion: 91.0.4472.19 (1bf021f248676..., userDataDir: C:\WINDOWS\TEMP\scoped_dir1...}, goog:chromeOptions: {debuggerAddress: localhost:63402}, javascriptEnabled: true, networkConnectionEnabled: false, pageLoadStrategy: normal, platform: WINDOWS, platformName: WINDOWS, proxy: Proxy(), setWindowRect: true, strictFileInteractability: false, timeouts: {implicit: 0, pageLoad: 300000, script: 30000}, unhandledPromptBehavior: dismiss and notify, webauthn:extension:largeBlob: true, webauthn:virtualAuthenticators: true}
Session ID: 9ea1465464d2069a0241126fbb142463
*** Element info: {Using=xpath, value=//*[contains(text(), &apos;SAMSUNG 198 L Direct Cool Single Door 5 Star Refrigerator with Base Drawer&apos;)]}" type="org.openqa.selenium.NoSuchElementException">org.openqa.selenium.NoSuchElementException: no such element: Unable to locate element: {&quot;method&quot;:&quot;xpath&quot;,&quot;selector&quot;:&quot;//*[contains(text(), &apos;SAMSUNG 198 L Direct Cool Single Door 5 Star Refrigerator with Base Drawer&apos;)]&quot;}
  (Session info: chrome=91.0.4472.124)
For documentation on this error, please visit: https://www.seleniumhq.org/exceptions/no_such_element.html
Build info: version: &apos;3.141.59&apos;, revision: &apos;e82be7d358&apos;, time: &apos;2018-11-14T08:17:03&apos;
System info: host: &apos;DESKTOP-AAFC7NS&apos;, ip: &apos;192.168.1.15&apos;, os.name: &apos;Windows 10&apos;, os.arch: &apos;amd64&apos;, os.version: &apos;10.0&apos;, java.version: &apos;1.8.0_291&apos;
Driver info: org.openqa.selenium.chrome.ChromeDriver
Capabilities {acceptInsecureCerts: false, browserName: chrome, browserVersion: 91.0.4472.124, chrome: {chromedriverVersion: 91.0.4472.19 (1bf021f248676..., userDataDir: C:\WINDOWS\TEMP\scoped_dir1...}, goog:chromeOptions: {debuggerAddress: localhost:63402}, javascriptEnabled: true, networkConnectionEnabled: false, pageLoadStrategy: normal, platform: WINDOWS, platformName: WINDOWS, proxy: Proxy(), setWindowRect: true, strictFileInteractability: false, timeouts: {implicit: 0, pageLoad: 300000, script: 30000}, unhandledPromptBehavior: dismiss and notify, webauthn:extension:largeBlob: true, webauthn:virtualAuthenticators: true}
Session ID: 9ea1465464d2069a0241126fbb142463
*** Element info: {Using=xpath, value=//*[contains(text(), &apos;SAMSUNG 198 L Direct Cool Single Door 5 Star Refrigerator with Base Drawer&apos;)]}
	at sun.reflect.NativeConstructorAccessorImpl.newInstance0(Native Method)
	at sun.reflect.NativeConstructorAccessorImpl.newInstance(NativeConstructorAccessorImpl.java:62)
	at sun.reflect.DelegatingConstructorAccessorImpl.newInstance(DelegatingConstructorAccessorImpl.java:45)
	at java.lang.reflect.Constructor.newInstance(Constructor.java:423)
	at org.openqa.selenium.remote.http.W3CHttpResponseCodec.createException(W3CHttpResponseCodec.java:187)
	at org.openqa.selenium.remote.http.W3CHttpResponseCodec.decode(W3CHttpResponseCodec.java:122)
	at org.openqa.selenium.remote.http.W3CHttpResponseCodec.decode(W3CHttpResponseCodec.java:49)
	at org.openqa.selenium.remote.HttpCommandExecutor.execute(HttpCommandExecutor.java:158)
	at org.openqa.selenium.remote.service.DriverCommandExecutor.execute(DriverCommandExecutor.java:83)
	at org.openqa.selenium.remote.RemoteWebDriver.execute(RemoteWebDriver.java:552)
	at org.openqa.selenium.remote.RemoteWebDriver.findElement(RemoteWebDriver.java:323)
	at org.openqa.selenium.remote.RemoteWebDriver.findElementByXPath(RemoteWebDriver.java:428)
	at org.openqa.selenium.By$ByXPath.findElement(By.java:353)
	at org.openqa.selenium.remote.RemoteWebDriver.findElement(RemoteWebDriver.java:315)
	at org.openqa.selenium.support.pagefactory.DefaultElementLocator.findElement(DefaultElementLocator.java:69)
	at org.openqa.selenium.support.pagefactory.internal.LocatingElementHandler.invoke(LocatingElementHandler.java:38)
	at com.sun.proxy.$Proxy7.click(Unknown Source)
	at com.flipkart.qa.pages.HomePage.searchProduct(HomePage.java:48)
	at com.flipkart.qa.testcases.ProductPageTest.setUp(ProductPageTest.java:46)
</failure>
    <system-err>Starting ChromeDriver 91.0.4472.19 (1bf021f248676a0b2ab3ee0561d83a59e424c23e-refs/branch-heads/4472@{#288}) on port 27348
Only local connections are allowed.
Please see https://chromedriver.chromium.org/security-considerations for suggestions on keeping ChromeDriver safe.
ChromeDriver was started successfully.
Jun 30, 2021 12:50:51 PM org.openqa.selenium.remote.ProtocolHandshake createSession
INFO: Detected dialect: W3C
</system-err>
  </testcase>
  <testcase classname="com.flipkart.qa.testcases.ProductPageTest" name="veifyUserNameTest" time="44.117">
    <skipped/>
  </testcase>
  <testcase classname="com.flipkart.qa.testcases.HomePageTest" name="veifyUserNameTest" time="1.966"/>
  <testcase classname="com.flipkart.qa.testcases.ProductPageTest" name="setUp" time="3.11">
    <skipped/>
  </testcase>
  <testcase classname="com.flipkart.qa.testcases.ProductPageTest" name="verifyProductNameTest" time="3.11">
    <skipped/>
  </testcase>
  <testcase classname="com.flipkart.qa.testcases.HomePageTest" name="searchProductStep" time="10.412"/>
  <testcase classname="com.flipkart.qa.testcases.ProductPageTest" name="setUp" time="11.048">
    <skipped/>
  </testcase>
  <testcase classname="com.flipkart.qa.testcases.ProductPageTest" name="verifyProductPrice" time="11.048">
    <skipped/>
  </testcase>
  <testcase classname="com.flipkart.qa.testcases.ProductPageTest" name="setUp" time="11.049">
    <skipped/>
  </testcase>
  <testcase classname="com.flipkart.qa.testcases.ProductPageTest" name="productBuyNow" time="11.05">
    <skipped/>
  </testcase>
</testsuite>